<?xml version="1.0" encoding="UTF-8"?>
<!-- Generated by org.testng.reporters.JUnitReportReporter -->
<testsuite hostname="EPINHYDW0B79" failures="0" tests="2" name="testngTestcases.TestNGParamaterizationUsingXML" time="16.466" errors="0" timestamp="2024-04-28T13:30:03 IST" skipped="0">
  <testcase classname="testngTestcases.TestNGParamaterizationUsingXML" name="lauchBrowser" time="5.326"/>
  <testcase classname="testngTestcases.TestNGParamaterizationUsingXML" name="lauchBrowser" time="11.140"/>
</testsuite> <!-- testngTestcases.TestNGParamaterizationUsingXML -->
