<?xml version="1.0" encoding="UTF-8"?>
<!-- Generated by org.testng.reporters.JUnitReportReporter -->
<testsuite hostname="EPINHYDW0B79" failures="0" tests="3" name="testngTestcases.TestParameterization" time="13.154" errors="0" timestamp="2024-04-28T13:52:54 IST" skipped="0">
  <testcase classname="testngTestcases.TestParameterization" name="doLogin" time="4.189"/>
  <testcase classname="testngTestcases.TestParameterization" name="doLogin" time="4.029"/>
  <testcase classname="testngTestcases.TestParameterization" name="doLogin" time="4.936"/>
</testsuite> <!-- testngTestcases.TestParameterization -->
