<?xml version="1.0" encoding="UTF-8"?>
<!-- Generated by org.testng.reporters.JUnitReportReporter -->
<testsuite hostname="EPINHYDW0B79" failures="0" tests="2" name="testngTestcases.Testcase1" time="0.029" errors="0" timestamp="2024-04-21T12:02:20 IST" skipped="0">
  <testcase classname="testngTestcases.Testcase1" name="userReg" time="0.020">
    <system-out>
      <![CDATA[Test has been started: userReg
Test has been passed: userReg]]>
    </system-out>
  </testcase> <!-- userReg -->
  <testcase classname="testngTestcases.Testcase1" name="login" time="0.009">
    <system-out>
      <![CDATA[Test has been started: login
Login Test
Test has been passed: login]]>
    </system-out>
  </testcase> <!-- login -->
  <system-out>
    <![CDATA[Test has been started: userReg
Test has been passed: userReg
Test has been started: login
Login Test
Test has been passed: login
Test has been finished: Testcase1
Test has been started: assertTrueCond
Verifying titles
Test has been failed: assertTrueCond
<a href="C:\Users\Bhagya_Kudupudi\Desktop\download.png" target="_blank">screenshot</a>
<a href="C:\Users\Bhagya_Kudupudi\Desktop\download.png" target="_blank"><img src="C:\Users\Bhagya_Kudupudi\Desktop\download.png" height=200 width=200</a>
Test has been started: intentionallyFail
Intentionally Failing Test
Test has been failed: intentionallyFail
<a href="C:\Users\Bhagya_Kudupudi\Desktop\download.png" target="_blank">screenshot</a>
<a href="C:\Users\Bhagya_Kudupudi\Desktop\download.png" target="_blank"><img src="C:\Users\Bhagya_Kudupudi\Desktop\download.png" height=200 width=200</a>
Test has been started: intentionallySkip
Test has been started: softAssertCond
Test has been failed: softAssertCond
<a href="C:\Users\Bhagya_Kudupudi\Desktop\download.png" target="_blank">screenshot</a>
<a href="C:\Users\Bhagya_Kudupudi\Desktop\download.png" target="_blank"><img src="C:\Users\Bhagya_Kudupudi\Desktop\download.png" height=200 width=200</a>
Test has been started: verifyTitle
Test has been failed: verifyTitle
<a href="C:\Users\Bhagya_Kudupudi\Desktop\download.png" target="_blank">screenshot</a>
<a href="C:\Users\Bhagya_Kudupudi\Desktop\download.png" target="_blank"><img src="C:\Users\Bhagya_Kudupudi\Desktop\download.png" height=200 width=200</a>]]>
  </system-out>
</testsuite> <!-- testngTestcases.Testcase1 -->
