<?xml version="1.0" encoding="UTF-8"?>
<!-- Generated by org.testng.reporters.JUnitReportReporter -->
<testsuite hostname="EPINHYDW0B79" failures="0" tests="2" name="seleniumgrid.SeleniumGrid" time="20.919" errors="0" timestamp="2024-05-26T10:33:23 IST" skipped="0">
  <testcase classname="seleniumgrid.SeleniumGrid" name="lauchBrowser" time="13.201"/>
  <testcase classname="seleniumgrid.SeleniumGrid" name="lauchBrowser" time="7.718"/>
</testsuite> <!-- seleniumgrid.SeleniumGrid -->
